<?xml version="1.0" encoding="UTF-8" standalone="no"?>
<!DOCTYPE log SYSTEM "logger.dtd">
<log>
<record>
  <date>2025-08-19T13:12:15.911920200Z</date>
  <millis>1755609135911</millis>
  <nanos>920200</nanos>
  <sequence>0</sequence>
  <logger>com.majestic.L2ClientDat</logger>
  <level>INFO</level>
  <class>com.majestic.L2ClientDat</class>
  <method>addLogConsole</method>
  <thread>57</thread>
  <message>---------------------------------------</message>
</record>
<record>
  <date>2025-08-19T13:12:15.919921300Z</date>
  <millis>1755609135919</millis>
  <nanos>921300</nanos>
  <sequence>1</sequence>
  <logger>com.majestic.L2ClientDat</logger>
  <level>INFO</level>
  <class>com.majestic.L2ClientDat</class>
  <method>addLogConsole</method>
  <thread>57</thread>
  <message>Open file: Skillgrp_Classic.dat</message>
</record>
<record>
  <date>2025-08-19T13:12:15.930921300Z</date>
  <millis>1755609135930</millis>
  <nanos>921300</nanos>
  <sequence>2</sequence>
  <logger>com.majestic.L2ClientDat</logger>
  <level>INFO</level>
  <class>com.majestic.L2ClientDat</class>
  <method>addLogConsole</method>
  <thread>79</thread>
  <message>File Skillgrp_Classic.dat encrypted. Lineage2Ver413 decrypt ...</message>
</record>
<record>
  <date>2025-08-19T13:12:16.014928Z</date>
  <millis>1755609136014</millis>
  <nanos>928000</nanos>
  <sequence>3</sequence>
  <logger>com.majestic.L2ClientDat</logger>
  <level>INFO</level>
  <class>com.majestic.L2ClientDat</class>
  <method>addLogConsole</method>
  <thread>79</thread>
  <message>Decrypt Skillgrp_Classic.dat file successfully by v413_encdec decrypter.</message>
</record>
<record>
  <date>2025-08-19T13:12:16.014928Z</date>
  <millis>1755609136014</millis>
  <nanos>928000</nanos>
  <sequence>4</sequence>
  <logger>com.majestic.L2ClientDat</logger>
  <level>INFO</level>
  <class>com.majestic.L2ClientDat</class>
  <method>addLogConsole</method>
  <thread>79</thread>
  <message>Read the file structure ...</message>
</record>
<record>
  <date>2025-08-19T13:12:16.021920500Z</date>
  <millis>1755609136021</millis>
  <nanos>920500</nanos>
  <sequence>5</sequence>
  <logger>com.majestic.L2ClientDat</logger>
  <level>INFO</level>
  <class>com.majestic.L2ClientDat</class>
  <method>addLogConsole</method>
  <thread>79</thread>
  <message>Unpacking [L2GameDataName.dat]</message>
</record>
<record>
  <date>2025-08-19T13:12:16.204920900Z</date>
  <millis>1755609136204</millis>
  <nanos>920900</nanos>
  <sequence>6</sequence>
  <logger>com.majestic.L2ClientDat</logger>
  <level>INFO</level>
  <class>com.majestic.L2ClientDat</class>
  <method>addLogConsole</method>
  <thread>79</thread>
  <message>GameDataName: Load 100426 count.</message>
</record>
<record>
  <date>2025-08-19T13:12:16.533919Z</date>
  <millis>1755609136533</millis>
  <nanos>919000</nanos>
  <sequence>7</sequence>
  <logger>com.majestic.L2ClientDat</logger>
  <level>INFO</level>
  <class>com.majestic.L2ClientDat</class>
  <method>addLogConsole</method>
  <thread>79</thread>
  <message>Completed.</message>
</record>
