<?xml version="1.0" encoding="UTF-8" standalone="no"?>
<!DOCTYPE log SYSTEM "logger.dtd">
<log>
<record>
  <date>2025-08-19T13:15:23.605488200Z</date>
  <millis>1755609323605</millis>
  <nanos>488200</nanos>
  <sequence>0</sequence>
  <logger>com.majestic.L2ClientDat</logger>
  <level>INFO</level>
  <class>com.majestic.L2ClientDat</class>
  <method>addLogConsole</method>
  <thread>57</thread>
  <message>---------------------------------------</message>
</record>
<record>
  <date>2025-08-19T13:15:23.614489600Z</date>
  <millis>1755609323614</millis>
  <nanos>489600</nanos>
  <sequence>1</sequence>
  <logger>com.majestic.L2ClientDat</logger>
  <level>INFO</level>
  <class>com.majestic.L2ClientDat</class>
  <method>addLogConsole</method>
  <thread>57</thread>
  <message>Open file: L2.ini</message>
</record>
<record>
  <date>2025-08-19T13:15:23.627488300Z</date>
  <millis>1755609323627</millis>
  <nanos>488300</nanos>
  <sequence>2</sequence>
  <logger>com.majestic.L2ClientDat</logger>
  <level>INFO</level>
  <class>com.majestic.L2ClientDat</class>
  <method>addLogConsole</method>
  <thread>79</thread>
  <message>File L2.ini encrypted. Lineage2Ver413 decrypt ...</message>
</record>
<record>
  <date>2025-08-19T13:15:23.638490400Z</date>
  <millis>1755609323638</millis>
  <nanos>490400</nanos>
  <sequence>3</sequence>
  <logger>com.majestic.L2ClientDat</logger>
  <level>INFO</level>
  <class>com.majestic.L2ClientDat</class>
  <method>addLogConsole</method>
  <thread>79</thread>
  <message>Decrypt L2.ini file successfully by v413_encdec decrypter.</message>
</record>
<record>
  <date>2025-08-19T13:15:23.638490400Z</date>
  <millis>1755609323638</millis>
  <nanos>490400</nanos>
  <sequence>4</sequence>
  <logger>com.majestic.L2ClientDat</logger>
  <level>INFO</level>
  <class>com.majestic.L2ClientDat</class>
  <method>addLogConsole</method>
  <thread>79</thread>
  <message>Completed.</message>
</record>
